\BOOKMARK [0][-]{toc.0}{\376\377\000C\000o\000n\000t\000e\000n\000t\000s}{}% 1
\BOOKMARK [1][-]{section.1}{\376\377\000W\000h\000a\000t\000\040\000i\000s\000\040\000L\000i\000n\000u\000x\000?}{toc.0}% 2
\BOOKMARK [2][-]{subsection.1.1}{\376\377\000H\000o\000w\000\040\000a\000\040\000L\000i\000n\000u\000x\000\040\000S\000y\000s\000t\000e\000m\000\040\000I\000s\000\040\000S\000t\000r\000u\000c\000t\000u\000r\000e\000d}{section.1}% 3
\BOOKMARK [2][-]{subsection.1.2}{\376\377\000W\000h\000a\000t\000\040\000i\000s\000\040\000a\000\040\000D\000i\000s\000t\000r\000i\000b\000u\000t\000i\000o\000n\000?}{section.1}% 4
\BOOKMARK [2][-]{subsection.1.3}{\376\377\000W\000h\000y\000\040\000L\000i\000n\000u\000x\000\040\000M\000a\000t\000t\000e\000r\000s}{section.1}% 5
\BOOKMARK [2][-]{subsection.1.4}{\376\377\000L\000i\000n\000u\000x\000\040\000a\000n\000d\000\040\000G\000a\000m\000i\000n\000g}{section.1}% 6
\BOOKMARK [1][-]{section.2}{\376\377\000I\000n\000s\000t\000a\000l\000l\000i\000n\000g\000\040\000L\000i\000n\000u\000x}{toc.0}% 7
\BOOKMARK [2][-]{subsection.2.1}{\376\377\000C\000h\000o\000o\000s\000i\000n\000g\000\040\000a\000\040\000D\000i\000s\000t\000r\000o}{section.2}% 8
\BOOKMARK [3][-]{subsubsection.2.1.1}{\376\377\000W\000h\000y\000\040\000C\000a\000c\000h\000y\000O\000S\000?}{subsection.2.1}% 9
\BOOKMARK [3][-]{subsubsection.2.1.2}{\376\377\000A\000l\000t\000e\000r\000n\000a\000t\000i\000v\000e\000s\000\040\000W\000o\000r\000t\000h\000\040\000K\000n\000o\000w\000i\000n\000g}{subsection.2.1}% 10
\BOOKMARK [2][-]{subsection.2.2}{\376\377\000P\000r\000e\000p\000a\000r\000i\000n\000g\000\040\000t\000h\000e\000\040\000I\000n\000s\000t\000a\000l\000l\000a\000t\000i\000o\000n\000\040\000M\000e\000d\000i\000u\000m}{section.2}% 11
\BOOKMARK [3][-]{subsubsection.2.2.1}{\376\377\000D\000o\000w\000n\000l\000o\000a\000d\000s}{subsection.2.2}% 12
\BOOKMARK [3][-]{subsubsection.2.2.2}{\376\377\000I\000n\000s\000t\000a\000l\000l\000i\000n\000g\000\040\000V\000e\000n\000t\000o\000y}{subsection.2.2}% 13
\BOOKMARK [2][-]{subsection.2.3}{\376\377\000B\000o\000o\000t\000i\000n\000g\000\040\000i\000n\000t\000o\000\040\000C\000a\000c\000h\000y\000O\000S}{section.2}% 14
\BOOKMARK [3][-]{subsubsection.2.3.1}{\376\377\000E\000n\000t\000e\000r\000i\000n\000g\000\040\000t\000h\000e\000\040\000B\000I\000O\000S}{subsection.2.3}% 15
\BOOKMARK [3][-]{subsubsection.2.3.2}{\376\377\000C\000o\000n\000f\000i\000g\000u\000r\000i\000n\000g\000\040\000B\000o\000o\000t\000\040\000O\000r\000d\000e\000r}{subsection.2.3}% 16
\BOOKMARK [3][-]{subsubsection.2.3.3}{\376\377\000S\000e\000l\000e\000c\000t\000i\000n\000g\000\040\000t\000h\000e\000\040\000C\000a\000c\000h\000y\000O\000S\000\040\000I\000S\000O\000\040\000i\000n\000\040\000V\000e\000n\000t\000o\000y}{subsection.2.3}% 17
\BOOKMARK [2][-]{subsection.2.4}{\376\377\000T\000h\000e\000\040\000I\000n\000s\000t\000a\000l\000l\000a\000t\000i\000o\000n\000\040\000P\000r\000o\000c\000e\000s\000s}{section.2}% 18
\BOOKMARK [3][-]{subsubsection.2.4.1}{\376\377\000D\000o\000n\000'\000t\000\040\000P\000a\000n\000i\000c\000;\000\040\000B\000o\000o\000t\000\040\000M\000e\000s\000s\000a\000g\000e\000s}{subsection.2.4}% 19
\BOOKMARK [3][-]{subsubsection.2.4.2}{\376\377\000N\000e\000t\000w\000o\000r\000k\000\040\000C\000o\000n\000n\000e\000c\000t\000i\000v\000i\000t\000y}{subsection.2.4}% 20
\BOOKMARK [3][-]{subsubsection.2.4.3}{\376\377\000L\000a\000n\000g\000u\000a\000g\000e}{subsection.2.4}% 21
\BOOKMARK [3][-]{subsubsection.2.4.4}{\376\377\000T\000i\000m\000e\000z\000o\000n\000e\000\040\000a\000n\000d\000\040\000L\000o\000c\000a\000t\000i\000o\000n}{subsection.2.4}% 22
\BOOKMARK [3][-]{subsubsection.2.4.5}{\376\377\000K\000e\000y\000b\000o\000a\000r\000d\000\040\000L\000a\000y\000o\000u\000t}{subsection.2.4}% 23
\BOOKMARK [3][-]{subsubsection.2.4.6}{\376\377\000B\000o\000o\000t\000l\000o\000a\000d\000e\000r}{subsection.2.4}% 24
\BOOKMARK [3][-]{subsubsection.2.4.7}{\376\377\000P\000a\000r\000t\000i\000t\000i\000o\000n\000i\000n\000g}{subsection.2.4}% 25
\BOOKMARK [3][-]{subsubsection.2.4.8}{\376\377\000D\000e\000s\000k\000t\000o\000p\000\040\000E\000n\000v\000i\000r\000o\000n\000m\000e\000n\000t}{subsection.2.4}% 26
\BOOKMARK [3][-]{subsubsection.2.4.9}{\376\377\000P\000a\000c\000k\000a\000g\000e\000s}{subsection.2.4}% 27
\BOOKMARK [3][-]{subsubsection.2.4.10}{\376\377\000U\000s\000e\000r\000s}{subsection.2.4}% 28
\BOOKMARK [3][-]{subsubsection.2.4.11}{\376\377\000S\000u\000m\000m\000a\000r\000y\000\040\000a\000n\000d\000\040\000I\000n\000s\000t\000a\000l\000l\000a\000t\000i\000o\000n}{subsection.2.4}% 29
\BOOKMARK [2][-]{subsection.2.5}{\376\377\000P\000o\000s\000t\000-\000I\000n\000s\000t\000a\000l\000l\000\040\000C\000h\000e\000c\000k\000s}{section.2}% 30
\BOOKMARK [3][-]{subsubsection.2.5.1}{\376\377\000U\000p\000d\000a\000t\000e\000\040\000t\000h\000e\000\040\000S\000y\000s\000t\000e\000m}{subsection.2.5}% 31
\BOOKMARK [3][-]{subsubsection.2.5.2}{\376\377\000V\000e\000r\000i\000f\000y\000\040\000p\000a\000r\000u\000;\000\040\000Y\000o\000u\000r\000\040\000A\000U\000R\000\040\000H\000e\000l\000p\000e\000r}{subsection.2.5}% 32
\BOOKMARK [3][-]{subsubsection.2.5.3}{\376\377\000E\000n\000a\000b\000l\000e\000\040\000M\000u\000l\000t\000i\000l\000i\000b}{subsection.2.5}% 33
\BOOKMARK [3][-]{subsubsection.2.5.4}{\376\377\000V\000e\000r\000i\000f\000y\000\040\000G\000P\000U\000\040\000D\000r\000i\000v\000e\000r\000s}{subsection.2.5}% 34
\BOOKMARK [3][-]{subsubsection.2.5.5}{\376\377\000C\000h\000e\000c\000k\000\040\000C\000r\000i\000t\000i\000c\000a\000l\000\040\000s\000y\000s\000t\000e\000m\000d\000\040\000S\000e\000r\000v\000i\000c\000e\000s}{subsection.2.5}% 35
\BOOKMARK [1][-]{section.3}{\376\377\000F\000i\000r\000s\000t\000\040\000B\000o\000o\000t}{toc.0}% 36
\BOOKMARK [2][-]{subsection.3.1}{\376\377\000T\000h\000e\000\040\000L\000i\000m\000i\000n\000e\000\040\000S\000c\000r\000e\000e\000n}{section.3}% 37
\BOOKMARK [2][-]{subsection.3.2}{\376\377\000T\000h\000e\000\040\000L\000o\000g\000i\000n\000\040\000S\000c\000r\000e\000e\000n}{section.3}% 38
\BOOKMARK [2][-]{subsection.3.3}{\376\377\000W\000e\000l\000c\000o\000m\000e\000\040\000t\000o\000\040\000L\000i\000n\000u\000x}{section.3}% 39
\BOOKMARK [2][-]{subsection.3.4}{\376\377\000M\000a\000k\000i\000n\000g\000\040\000Y\000o\000u\000r\000s\000e\000l\000f\000\040\000a\000t\000\040\000H\000o\000m\000e}{section.3}% 40
\BOOKMARK [3][-]{subsubsection.3.4.1}{\376\377\000C\000h\000a\000n\000g\000i\000n\000g\000\040\000t\000h\000e\000\040\000W\000a\000l\000l\000p\000a\000p\000e\000r}{subsection.3.4}% 41
\BOOKMARK [3][-]{subsubsection.3.4.2}{\376\377\000C\000u\000s\000t\000o\000m\000i\000s\000i\000n\000g\000\040\000t\000h\000e\000\040\000P\000a\000n\000e\000l}{subsection.3.4}% 42
\BOOKMARK [3][-]{subsubsection.3.4.3}{\376\377\000T\000h\000i\000n\000g\000s\000\040\000W\000o\000r\000t\000h\000\040\000T\000r\000y\000i\000n\000g}{subsection.3.4}% 43
\BOOKMARK [2][-]{subsection.3.5}{\376\377\000T\000h\000e\000\040\000T\000e\000r\000m\000i\000n\000a\000l}{section.3}% 44
\BOOKMARK [1][-]{section.4}{\376\377\000F\000i\000l\000e\000\040\000S\000y\000s\000t\000e\000m}{toc.0}% 45
\BOOKMARK [2][-]{subsection.4.1}{\376\377\000T\000h\000e\000\040\000F\000i\000l\000e\000s\000y\000s\000t\000e\000m\000\040\000H\000i\000e\000r\000a\000r\000c\000h\000y\000\040\000S\000t\000a\000n\000d\000a\000r\000d}{section.4}% 46
\BOOKMARK [2][-]{subsection.4.2}{\376\377\000T\000h\000e\000\040\000D\000i\000r\000e\000c\000t\000o\000r\000y\000\040\000T\000r\000e\000e}{section.4}% 47
\BOOKMARK [2][-]{subsection.4.3}{\376\377\000K\000e\000y\000\040\000D\000i\000r\000e\000c\000t\000o\000r\000i\000e\000s\000\040\000f\000o\000r\000\040\000G\000a\000m\000e\000r\000s}{section.4}% 48
\BOOKMARK [2][-]{subsection.4.4}{\376\377\000N\000a\000v\000i\000g\000a\000t\000i\000n\000g\000\040\000w\000i\000t\000h\000\040\000t\000h\000e\000\040\000T\000e\000r\000m\000i\000n\000a\000l}{section.4}% 49
\BOOKMARK [2][-]{subsection.4.5}{\376\377\000N\000a\000v\000i\000g\000a\000t\000i\000n\000g\000\040\000w\000i\000t\000h\000\040\000D\000o\000l\000p\000h\000i\000n}{section.4}% 50
\BOOKMARK [3][-]{subsubsection.4.5.1}{\376\377\000U\000s\000e\000f\000u\000l\000\040\000C\000o\000m\000m\000a\000n\000d\000s}{subsection.4.5}% 51
\BOOKMARK [2][-]{subsection.4.6}{\376\377\000L\000a\000u\000n\000c\000h\000i\000n\000g\000\040\000A\000p\000p\000s\000\040\000f\000r\000o\000m\000\040\000t\000h\000e\000\040\000T\000e\000r\000m\000i\000n\000a\000l}{section.4}% 52
\BOOKMARK [1][-]{section.5}{\376\377\000T\000e\000r\000m\000i\000n\000a\000l\000\040\000B\000a\000s\000i\000c\000s}{toc.0}% 53
\BOOKMARK [2][-]{subsection.5.1}{\376\377\000W\000h\000y\000\040\000t\000h\000e\000\040\000T\000e\000r\000m\000i\000n\000a\000l\000?}{section.5}% 54
\BOOKMARK [2][-]{subsection.5.2}{\376\377\000A\000n\000a\000t\000o\000m\000y\000\040\000o\000f\000\040\000a\000\040\000C\000o\000m\000m\000a\000n\000d}{section.5}% 55
\BOOKMARK [2][-]{subsection.5.3}{\376\377\000E\000s\000s\000e\000n\000t\000i\000a\000l\000\040\000C\000o\000m\000m\000a\000n\000d\000s}{section.5}% 56
\BOOKMARK [2][-]{subsection.5.4}{\376\377\000R\000e\000a\000d\000i\000n\000g\000\040\000M\000a\000n\000u\000a\000l\000\040\000P\000a\000g\000e\000s}{section.5}% 57
\BOOKMARK [2][-]{subsection.5.5}{\376\377\000U\000s\000e\000f\000u\000l\000\040\000S\000h\000o\000r\000t\000c\000u\000t\000s}{section.5}% 58
\BOOKMARK [2][-]{subsection.5.6}{\376\377\000P\000i\000p\000e\000s\000\040\000a\000n\000d\000\040\000R\000e\000d\000i\000r\000e\000c\000t\000i\000o\000n}{section.5}% 59
\BOOKMARK [1][-]{section.6}{\376\377\000P\000a\000c\000k\000a\000g\000e\000\040\000M\000a\000n\000a\000g\000e\000r\000\040\000B\000a\000s\000i\000c\000s}{toc.0}% 60
\BOOKMARK [2][-]{subsection.6.1}{\376\377\000W\000h\000a\000t\000\040\000i\000s\000\040\000a\000\040\000P\000a\000c\000k\000a\000g\000e\000\040\000M\000a\000n\000a\000g\000e\000r\000?}{section.6}% 61
\BOOKMARK [2][-]{subsection.6.2}{\376\377\000W\000h\000e\000r\000e\000\040\000P\000a\000c\000k\000a\000g\000e\000s\000\040\000C\000o\000m\000e\000\040\000F\000r\000o\000m}{section.6}% 62
\BOOKMARK [2][-]{subsection.6.3}{\376\377\000p\000a\000c\000m\000a\000n\000\040\000C\000h\000e\000a\000t\000\040\000S\000h\000e\000e\000t}{section.6}% 63
\BOOKMARK [2][-]{subsection.6.4}{\376\377\000I\000n\000s\000t\000a\000l\000l\000i\000n\000g\000\040\000f\000r\000o\000m\000\040\000t\000h\000e\000\040\000A\000U\000R\000\040\000w\000i\000t\000h\000\040\000p\000a\000r\000u}{section.6}% 64
\BOOKMARK [2][-]{subsection.6.5}{\376\377\000B\000u\000i\000l\000d\000i\000n\000g\000\040\000f\000r\000o\000m\000\040\000S\000o\000u\000r\000c\000e}{section.6}% 65
\BOOKMARK [1][-]{section.7}{\376\377\000P\000e\000r\000m\000i\000s\000s\000i\000o\000n\000s}{toc.0}% 66
\BOOKMARK [2][-]{subsection.7.1}{\376\377\000T\000h\000e\000\040\000T\000h\000r\000e\000e\000\040\000P\000e\000r\000m\000i\000s\000s\000i\000o\000n\000\040\000G\000r\000o\000u\000p\000s}{section.7}% 67
\BOOKMARK [2][-]{subsection.7.2}{\376\377\000R\000e\000a\000d\000i\000n\000g\000\040\000t\000h\000e\000\040\000P\000e\000r\000m\000i\000s\000s\000i\000o\000n\000\040\000S\000t\000r\000i\000n\000g}{section.7}% 68
\BOOKMARK [2][-]{subsection.7.3}{\376\377\000M\000o\000d\000i\000f\000y\000i\000n\000g\000\040\000P\000e\000r\000m\000i\000s\000s\000i\000o\000n\000s\000\040\000w\000i\000t\000h\000\040\000c\000o\000d\000e\000b\000g\000c\000h\000m\000o\000d}{section.7}% 69
\BOOKMARK [3][-]{subsubsection.7.3.1}{\376\377\000S\000y\000m\000b\000o\000l\000i\000c\000\040\000M\000o\000d\000e}{subsection.7.3}% 70
\BOOKMARK [3][-]{subsubsection.7.3.2}{\376\377\000N\000u\000m\000e\000r\000i\000c\000\040\000M\000o\000d\000e}{subsection.7.3}% 71
\BOOKMARK [2][-]{subsection.7.4}{\376\377\000s\000u\000d\000o\000\040\040\024\000\040\000E\000l\000e\000v\000a\000t\000e\000d\000\040\000P\000e\000r\000m\000i\000s\000s\000i\000o\000n\000s}{section.7}% 72
\BOOKMARK [1][-]{section.8}{\376\377\000S\000h\000e\000l\000l\000\040\000B\000a\000s\000i\000c\000s}{toc.0}% 73
\BOOKMARK [2][-]{subsection.8.1}{\376\377\000H\000o\000w\000\040\000a\000\040\000S\000h\000e\000l\000l\000\040\000W\000o\000r\000k\000s}{section.8}% 74
\BOOKMARK [2][-]{subsection.8.2}{\376\377\000C\000h\000o\000o\000s\000i\000n\000g\000\040\000a\000\040\000S\000h\000e\000l\000l}{section.8}% 75
\BOOKMARK [3][-]{subsubsection.8.2.1}{\376\377\000B\000a\000s\000h}{subsection.8.2}% 76
\BOOKMARK [3][-]{subsubsection.8.2.2}{\376\377\000Z\000s\000h}{subsection.8.2}% 77
\BOOKMARK [3][-]{subsubsection.8.2.3}{\376\377\000F\000i\000s\000h}{subsection.8.2}% 78
\BOOKMARK [3][-]{subsubsection.8.2.4}{\376\377\000W\000h\000i\000c\000h\000\040\000S\000h\000e\000l\000l\000\040\000D\000o\000e\000s\000\040\000C\000a\000c\000h\000y\000O\000S\000\040\000U\000s\000e\000?}{subsection.8.2}% 79
\BOOKMARK [1][-]{section.9}{\376\377\000E\000n\000v\000i\000r\000o\000n\000m\000e\000n\000t\000\040\000V\000a\000r\000i\000a\000b\000l\000e\000s}{toc.0}% 80
\BOOKMARK [2][-]{subsection.9.1}{\376\377\000W\000h\000a\000t\000\040\000i\000s\000\040\000a\000n\000\040\000E\000n\000v\000i\000r\000o\000n\000m\000e\000n\000t\000\040\000V\000a\000r\000i\000a\000b\000l\000e\000?}{section.9}% 81
\BOOKMARK [2][-]{subsection.9.2}{\376\377\000C\000h\000e\000c\000k\000i\000n\000g\000\040\000E\000n\000v\000i\000r\000o\000n\000m\000e\000n\000t\000\040\000V\000a\000r\000i\000a\000b\000l\000e\000s}{section.9}% 82
\BOOKMARK [2][-]{subsection.9.3}{\376\377\000W\000h\000y\000\040\000E\000n\000v\000i\000r\000o\000n\000m\000e\000n\000t\000\040\000V\000a\000r\000i\000a\000b\000l\000e\000s\000\040\000M\000a\000t\000t\000e\000r}{section.9}% 83
\BOOKMARK [2][-]{subsection.9.4}{\376\377\000S\000e\000t\000t\000i\000n\000g\000\040\000E\000n\000v\000i\000r\000o\000n\000m\000e\000n\000t\000\040\000V\000a\000r\000i\000a\000b\000l\000e\000s\000\040\040\024\000\040\000B\000y\000\040\000S\000c\000o\000p\000e}{section.9}% 84
\BOOKMARK [3][-]{subsubsection.9.4.1}{\376\377\000F\000o\000r\000\040\000a\000\040\000S\000i\000n\000g\000l\000e\000\040\000C\000o\000m\000m\000a\000n\000d}{subsection.9.4}% 85
\BOOKMARK [3][-]{subsubsection.9.4.2}{\376\377\000F\000o\000r\000\040\000t\000h\000e\000\040\000C\000u\000r\000r\000e\000n\000t\000\040\000S\000h\000e\000l\000l\000\040\000S\000e\000s\000s\000i\000o\000n}{subsection.9.4}% 86
\BOOKMARK [3][-]{subsubsection.9.4.3}{\376\377\000P\000e\000r\000m\000a\000n\000e\000n\000t\000l\000y\000,\000\040\000P\000e\000r\000-\000U\000s\000e\000r}{subsection.9.4}% 87
\BOOKMARK [3][-]{subsubsection.9.4.4}{\376\377\000S\000y\000s\000t\000e\000m\000-\000W\000i\000d\000e\000,\000\040\000F\000o\000r\000\040\000A\000l\000l\000\040\000U\000s\000e\000r\000s}{subsection.9.4}% 88
\BOOKMARK [3][-]{subsubsection.9.4.5}{\376\377\000S\000e\000t\000\040\000b\000y\000\040\000A\000p\000p\000l\000i\000c\000a\000t\000i\000o\000n\000s}{subsection.9.4}% 89
\BOOKMARK [1][-]{section.10}{\376\377\000S\000e\000r\000v\000i\000c\000e\000s}{toc.0}% 90
\BOOKMARK [2][-]{subsection.10.1}{\376\377\000W\000h\000a\000t\000\040\000A\000r\000e\000\040\000S\000e\000r\000v\000i\000c\000e\000s\000\040\000a\000n\000d\000\040\000D\000a\000e\000m\000o\000n\000s\000?}{section.10}% 91
\BOOKMARK [2][-]{subsection.10.2}{\376\377\000W\000h\000a\000t\000\040\000i\000s\000\040\000s\000y\000s\000t\000e\000m\000d\000?}{section.10}% 92
\BOOKMARK [2][-]{subsection.10.3}{\376\377\000U\000n\000i\000t\000s}{section.10}% 93
\BOOKMARK [2][-]{subsection.10.4}{\376\377\000M\000a\000n\000a\000g\000i\000n\000g\000\040\000S\000e\000r\000v\000i\000c\000e\000s\000\040\000w\000i\000t\000h\000\040\000c\000o\000d\000e\000b\000g\000s\000y\000s\000t\000e\000m\000c\000t\000l}{section.10}% 94
\BOOKMARK [2][-]{subsection.10.5}{\376\377\000R\000e\000a\000d\000i\000n\000g\000\040\000L\000o\000g\000s\000\040\000w\000i\000t\000h\000\040\000c\000o\000d\000e\000b\000g\000j\000o\000u\000r\000n\000a\000l\000c\000t\000l}{section.10}% 95
\BOOKMARK [2][-]{subsection.10.6}{\376\377\000T\000r\000o\000u\000b\000l\000e\000s\000h\000o\000o\000t\000i\000n\000g\000\040\000a\000\040\000S\000e\000r\000v\000i\000c\000e}{section.10}% 96
\BOOKMARK [1][-]{section.11}{\376\377\000S\000e\000t\000t\000i\000n\000g\000\040\000U\000p\000\040\000N\000V\000I\000D\000I\000A\000\040\000D\000r\000i\000v\000e\000r\000s\000\040\000a\000n\000d\000\040\000G\000a\000m\000i\000n\000g\000\040\000P\000a\000c\000k\000a\000g\000e\000s}{toc.0}% 97
\BOOKMARK [2][-]{subsection.11.1}{\376\377\000A\000M\000D\000\040\000G\000P\000U\000s}{section.11}% 98
\BOOKMARK [2][-]{subsection.11.2}{\376\377\000N\000V\000I\000D\000I\000A\000\040\000G\000P\000U\000s}{section.11}% 99
\BOOKMARK [3][-]{subsubsection.11.2.1}{\376\377\000I\000d\000e\000n\000t\000i\000f\000y\000i\000n\000g\000\040\000Y\000o\000u\000r\000\040\000G\000P\000U\000\040\000A\000r\000c\000h\000i\000t\000e\000c\000t\000u\000r\000e}{subsection.11.2}% 100
\BOOKMARK [3][-]{subsubsection.11.2.2}{\376\377\000I\000n\000s\000t\000a\000l\000l\000i\000n\000g\000\040\000N\000V\000I\000D\000I\000A\000\040\000D\000r\000i\000v\000e\000r\000s}{subsection.11.2}% 101
\BOOKMARK [3][-]{subsubsection.11.2.3}{\376\377\000V\000e\000r\000i\000f\000y\000i\000n\000g\000\040\000t\000h\000e\000\040\000N\000V\000I\000D\000I\000A\000\040\000D\000r\000i\000v\000e\000r}{subsection.11.2}% 102
\BOOKMARK [1][-]{section.12}{\376\377\000P\000r\000e\000p\000a\000r\000i\000n\000g\000\040\000a\000n\000d\000\040\000G\000a\000m\000i\000n\000g\000\040\000E\000n\000v\000i\000r\000o\000n\000m\000e\000n\000t}{toc.0}% 103
\BOOKMARK [2][-]{subsection.12.1}{\376\377\000I\000n\000s\000t\000a\000l\000l\000i\000n\000g\000\040\000G\000a\000m\000i\000n\000g\000\040\000P\000a\000c\000k\000a\000g\000e\000s}{section.12}% 104
\BOOKMARK [2][-]{subsection.12.2}{\376\377\000W\000h\000a\000t\000\040\000i\000s\000\040\000P\000r\000o\000t\000o\000n\000?}{section.12}% 105
\BOOKMARK [2][-]{subsection.12.3}{\376\377\000S\000e\000t\000t\000i\000n\000g\000\040\000U\000p\000\040\000S\000t\000e\000a\000m}{section.12}% 106
\BOOKMARK [2][-]{subsection.12.4}{\376\377\000M\000a\000n\000g\000o\000H\000u\000d\000\040\000a\000n\000d\000\040\000G\000a\000m\000e\000M\000o\000d\000e}{section.12}% 107
\BOOKMARK [1][-]{section.13}{\376\377\000S\000e\000t\000t\000i\000n\000g\000\040\000U\000p\000\040\000S\000t\000e\000a\000m\000\040\000a\000n\000d\000\040\000P\000r\000o\000t\000o\000n}{toc.0}% 108
\BOOKMARK [2][-]{subsection.13.1}{\376\377\000L\000a\000u\000n\000c\000h\000i\000n\000g\000\040\000S\000t\000e\000a\000m\000\040\000a\000n\000d\000\040\000E\000n\000a\000b\000l\000i\000n\000g\000\040\000P\000r\000o\000t\000o\000n}{section.13}% 109
\BOOKMARK [2][-]{subsection.13.2}{\376\377\000C\000h\000e\000c\000k\000i\000n\000g\000\040\000C\000o\000m\000p\000a\000t\000i\000b\000i\000l\000i\000t\000y\000\040\000w\000i\000t\000h\000\040\000P\000r\000o\000t\000o\000n\000D\000B}{section.13}% 110
\BOOKMARK [3][-]{subsubsection.13.2.1}{\376\377\000N\000a\000v\000i\000g\000a\000t\000i\000n\000g\000\040\000a\000n\000d\000\040\000I\000n\000t\000e\000r\000p\000r\000e\000t\000i\000n\000g\000\040\000R\000e\000p\000o\000r\000t\000s}{subsection.13.2}% 111
\BOOKMARK [2][-]{subsection.13.3}{\376\377\000I\000n\000s\000t\000a\000l\000l\000i\000n\000g\000\040\000P\000r\000o\000t\000o\000n\000-\000G\000E}{section.13}% 112
\BOOKMARK [1][-]{section.14}{\376\377\000S\000e\000t\000t\000i\000n\000g\000\040\000U\000p\000\040\000L\000u\000t\000r\000i\000s}{toc.0}% 113
\BOOKMARK [2][-]{subsection.14.1}{\376\377\000K\000e\000y\000\040\000C\000o\000n\000c\000e\000p\000t\000s\000\040\000B\000e\000f\000o\000r\000e\000\040\000Y\000o\000u\000\040\000S\000t\000a\000r\000t}{section.14}% 114
\BOOKMARK [2][-]{subsection.14.2}{\376\377\000C\000o\000n\000f\000i\000g\000u\000r\000i\000n\000g\000\040\000G\000E\000-\000P\000r\000o\000t\000o\000n\000\040\000a\000s\000\040\000t\000h\000e\000\040\000D\000e\000f\000a\000u\000l\000t\000\040\000R\000u\000n\000n\000e\000r}{section.14}% 115
\BOOKMARK [2][-]{subsection.14.3}{\376\377\000A\000d\000d\000i\000n\000g\000\040\000G\000a\000m\000e\000s\000\040\000t\000o\000\040\000L\000u\000t\000r\000i\000s}{section.14}% 116
\BOOKMARK [2][-]{subsection.14.4}{\376\377\000A\000d\000d\000i\000n\000g\000\040\000a\000\040\000L\000o\000c\000a\000l\000l\000y\000\040\000I\000n\000s\000t\000a\000l\000l\000e\000d\000\040\000o\000r\000\040\000P\000o\000r\000t\000a\000b\000l\000e\000\040\000G\000a\000m\000e}{section.14}% 117
\BOOKMARK [3][-]{subsubsection.14.4.1}{\376\377\000G\000a\000m\000e\000\040\000I\000n\000f\000o\000\040\000T\000a\000b}{subsection.14.4}% 118
\BOOKMARK [3][-]{subsubsection.14.4.2}{\376\377\000G\000a\000m\000e\000\040\000O\000p\000t\000i\000o\000n\000s\000\040\000T\000a\000b}{subsection.14.4}% 119
\BOOKMARK [3][-]{subsubsection.14.4.3}{\376\377\000R\000u\000n\000n\000e\000r\000\040\000O\000p\000t\000i\000o\000n\000s\000\040\000T\000a\000b}{subsection.14.4}% 120
\BOOKMARK [2][-]{subsection.14.5}{\376\377\000I\000n\000s\000t\000a\000l\000l\000i\000n\000g\000\040\000a\000\040\000G\000a\000m\000e\000\040\000f\000r\000o\000m\000\040\000a\000\040\000W\000i\000n\000d\000o\000w\000s\000\040\000I\000n\000s\000t\000a\000l\000l\000e\000r}{section.14}% 121
\BOOKMARK [3][-]{subsubsection.14.5.1}{\376\377\000G\000a\000m\000e\000\040\000I\000n\000f\000o\000\040\000T\000a\000b}{subsection.14.5}% 122
\BOOKMARK [3][-]{subsubsection.14.5.2}{\376\377\000G\000a\000m\000e\000\040\000O\000p\000t\000i\000o\000n\000s\000\040\000T\000a\000b}{subsection.14.5}% 123
\BOOKMARK [3][-]{subsubsection.14.5.3}{\376\377\000R\000u\000n\000n\000e\000r\000\040\000O\000p\000t\000i\000o\000n\000s\000\040\000T\000a\000b}{subsection.14.5}% 124
